<?xml version="1.0" encoding="UTF-8"?>
<testng-results skipped="0" failed="0" total="1" passed="1">
  <reporter-output>
  </reporter-output>
  <suite name="Default suite" duration-ms="108759" started-at="2015-06-09T05:00:56Z" finished-at="2015-06-09T05:02:45Z">
    <groups>
    </groups>
    <test name="Default test" duration-ms="108759" started-at="2015-06-09T05:00:56Z" finished-at="2015-06-09T05:02:45Z">
      <class name="com.AppiumTest.AppiumTest">
        <test-method status="PASS" signature="setUp()[pri:0, instance:com.AppiumTest.AppiumTest@4c75cab9]" name="setUp" is-config="true" duration-ms="9148" started-at="2015-06-09T00:00:56Z" finished-at="2015-06-09T00:01:05Z">
          <reporter-output>
          </reporter-output>
        </test-method> <!-- setUp -->
        <test-method status="PASS" signature="loginTest()[pri:0, instance:com.AppiumTest.AppiumTest@4c75cab9]" name="loginTest" duration-ms="98447" started-at="2015-06-09T00:01:05Z" finished-at="2015-06-09T00:02:44Z">
          <reporter-output>
          </reporter-output>
        </test-method> <!-- loginTest -->
        <test-method status="PASS" signature="tearDown()[pri:0, instance:com.AppiumTest.AppiumTest@4c75cab9]" name="tearDown" is-config="true" duration-ms="1137" started-at="2015-06-09T00:02:44Z" finished-at="2015-06-09T00:02:45Z">
          <reporter-output>
          </reporter-output>
        </test-method> <!-- tearDown -->
      </class> <!-- com.AppiumTest.AppiumTest -->
    </test> <!-- Default test -->
  </suite> <!-- Default suite -->
</testng-results>
